==============================================================================
Tests                                                                         
==============================================================================
Tests.Demoblaze                                                               
==============================================================================
Test Case_1.1_Successful for Login                                    | PASS |
------------------------------------------------------------------------------
Test Case_1.2 Invalid User Id for Login                               | FAIL |
Alert not found in 5 seconds.
------------------------------------------------------------------------------
Test Case_1.3 Invalid Password for Login                              | PASS |
------------------------------------------------------------------------------
Test Case_1.4 Empty UserID and Password for Login                     | PASS |
------------------------------------------------------------------------------
Test Case_2.0 Logout from The application                             | PASS |
------------------------------------------------------------------------------
Test Case_3.0 Add Item To Shoping cart                                | PASS |
------------------------------------------------------------------------------
Tests.Demoblaze                                                       | FAIL |
6 tests, 5 passed, 1 failed
==============================================================================
Tests                                                                 | FAIL |
6 tests, 5 passed, 1 failed
==============================================================================
Output:  C:\Users\AD02291\demoblaze\demoblaze\pabot_results\0\output.xml
